COMMAND: "PhISCS-I -SCFile /home/chengzes/Desktop/Classes/CS598MEB/CS598FinalProject/isa_violations/SCS/n=100/b=0/0.25/rep3.tsv -o isa_violations_output/n=100/b=0/0.25/rep3 -fn .000001 -fp 0.000001 --drawTree --threads 8 -p 1"
NUM_CELLS(ROWS): 100
NUM_MUTATIONS(COLUMNS): 7
FN_WEIGHT: 1e-06
FP_WEIGHT: 1e-06
COLUMN_ELIMINATION_WEIGHT: 0
NUM_THREADS: 8
MODEL_SOLVING_TIME_SECONDS: 0.072
RUNNING_TIME_SECONDS: 0.218
IS_CONFLICT_FREE: YES
LIKELIHOOD: -2.000394000197957
MIP_Gap_Value: 0.000000
TOTAL_FLIPS_REPORTED: 106
0_1_FLIPS_REPORTED: 0
1_0_FLIPS_REPORTED: 0
?_0_FLIPS_REPORTED: 94
?_1_FLIPS_REPORTED: 12
MUTATIONS_REMOVED_UPPER_BOUND: 0
MUTATIONS_REMOVED_NUM: 2
MUTATIONS_REMOVED_ID: mut5,mut6
-----------------------------------

