COMMAND: "PhISCS-I -SCFile /home/chengzes/Desktop/Classes/CS598MEB/CS598FinalProject/isa_violations/SCS/n=40/b=0.4/0.25/rep4.tsv -o isa_violations_output/n=40/b=0.4/0.25/rep4 -fn .400001 -fp 0.000001 --drawTree --threads 8 -p 1"
NUM_CELLS(ROWS): 40
NUM_MUTATIONS(COLUMNS): 7
FN_WEIGHT: 0.400001
FP_WEIGHT: 1e-06
COLUMN_ELIMINATION_WEIGHT: 0
NUM_THREADS: 8
MODEL_SOLVING_TIME_SECONDS: 0.004
RUNNING_TIME_SECONDS: 0.064
IS_CONFLICT_FREE: YES
LIKELIHOOD: -6.00002500001267
MIP_Gap_Value: 0.000000
TOTAL_FLIPS_REPORTED: 15
0_1_FLIPS_REPORTED: 0
1_0_FLIPS_REPORTED: 0
?_0_FLIPS_REPORTED: 15
?_1_FLIPS_REPORTED: 0
MUTATIONS_REMOVED_UPPER_BOUND: 0
MUTATIONS_REMOVED_NUM: 6
MUTATIONS_REMOVED_ID: mut1,mut2,mut3,mut4,mut5,mut6
-----------------------------------

