COMMAND: "PhISCS-I -SCFile /home/chengzes/Desktop/Classes/CS598MEB/CS598FinalProject/isa_violations/SCS/n=40/b=0/0.25/rep4.tsv -o isa_violations_output/n=40/b=0/0.25/rep4 -fn .000001 -fp 0.000001 --drawTree --threads 8 -p 1"
NUM_CELLS(ROWS): 40
NUM_MUTATIONS(COLUMNS): 7
FN_WEIGHT: 1e-06
FP_WEIGHT: 1e-06
COLUMN_ELIMINATION_WEIGHT: 0
NUM_THREADS: 8
MODEL_SOLVING_TIME_SECONDS: 0.026
RUNNING_TIME_SECONDS: 0.090
IS_CONFLICT_FREE: YES
LIKELIHOOD: -1.0001870000933195
MIP_Gap_Value: 0.000000
TOTAL_FLIPS_REPORTED: 53
0_1_FLIPS_REPORTED: 0
1_0_FLIPS_REPORTED: 0
?_0_FLIPS_REPORTED: 37
?_1_FLIPS_REPORTED: 16
MUTATIONS_REMOVED_UPPER_BOUND: 0
MUTATIONS_REMOVED_NUM: 1
MUTATIONS_REMOVED_ID: mut4
-----------------------------------

