COMMAND: "PhISCS-I -SCFile /home/chengzes/Desktop/Classes/CS598MEB/CS598FinalProject/isa_violations/SCS/n=40/b=0.4/0.125/rep5.tsv -o isa_violations_p=10_output/n=40/b=0.4/0.125/rep5 -fn .400001 -fp 0.000001 --drawTree --threads 8 -p 10"
NUM_CELLS(ROWS): 40
NUM_MUTATIONS(COLUMNS): 7
FN_WEIGHT: 0.400001
FP_WEIGHT: 1e-06
COLUMN_ELIMINATION_WEIGHT: 0
NUM_THREADS: 8
MODEL_SOLVING_TIME_SECONDS: 0.015
RUNNING_TIME_SECONDS: 0.076
IS_CONFLICT_FREE: YES
LIKELIHOOD: -47.56296011827112
MIP_Gap_Value: 0.000000
TOTAL_FLIPS_REPORTED: 27
0_1_FLIPS_REPORTED: 3
1_0_FLIPS_REPORTED: 0
?_0_FLIPS_REPORTED: 19
?_1_FLIPS_REPORTED: 5
MUTATIONS_REMOVED_UPPER_BOUND: 0
MUTATIONS_REMOVED_NUM: 3
MUTATIONS_REMOVED_ID: mut1,mut2,mut3
-----------------------------------

