COMMAND: "PhISCS-I -SCFile example/input.SC -o test_output -fn 0.000001 -fp 0.000001 --drawTree -p 0.001 --threads 8"
NUM_CELLS(ROWS): 10
NUM_MUTATIONS(COLUMNS): 8
FN_WEIGHT: 1e-06
FP_WEIGHT: 1e-06
COLUMN_ELIMINATION_WEIGHT: 0
NUM_THREADS: 8
MODEL_SOLVING_TIME_SECONDS: 0.010
RUNNING_TIME_SECONDS: 0.054
IS_CONFLICT_FREE: YES
LIKELIHOOD: -0.0020560000280056556
MIP_Gap_Value: 0.000000
TOTAL_FLIPS_REPORTED: 4
0_1_FLIPS_REPORTED: 0
1_0_FLIPS_REPORTED: 0
?_0_FLIPS_REPORTED: 4
?_1_FLIPS_REPORTED: 0
MUTATIONS_REMOVED_UPPER_BOUND: 0
MUTATIONS_REMOVED_NUM: 2
MUTATIONS_REMOVED_ID: mut1,mut7
-----------------------------------

