COMMAND: "PhISCS-I -SCFile /home/chengzes/Desktop/Classes/CS598MEB/CS598FinalProject/isa_violations/SCS/n=100/b=0.2/0.25/rep1.tsv -o isa_violations_p=10_output/n=100/b=0.2/0.25/rep1 -fn .200001 -fp 0.000001 --drawTree --threads 8 -p 10"
NUM_CELLS(ROWS): 100
NUM_MUTATIONS(COLUMNS): 7
FN_WEIGHT: 0.200001
FP_WEIGHT: 1e-06
COLUMN_ELIMINATION_WEIGHT: 0
NUM_THREADS: 8
MODEL_SOLVING_TIME_SECONDS: 0.067
RUNNING_TIME_SECONDS: 0.213
IS_CONFLICT_FREE: YES
LIKELIHOOD: -40.9817685678031
MIP_Gap_Value: 0.000000
TOTAL_FLIPS_REPORTED: 104
0_1_FLIPS_REPORTED: 1
1_0_FLIPS_REPORTED: 0
?_0_FLIPS_REPORTED: 102
?_1_FLIPS_REPORTED: 1
MUTATIONS_REMOVED_UPPER_BOUND: 0
MUTATIONS_REMOVED_NUM: 3
MUTATIONS_REMOVED_ID: mut0,mut1,mut4
-----------------------------------

