COMMAND: "PhISCS-I -SCFile /home/chengzes/Desktop/Classes/CS598MEB/CS598FinalProject/isa_violations/SCS/n=10/b=0/0.25/rep6.tsv -o isa_violations_p=10_output/n=10/b=0/0.25/rep6 -fn .000001 -fp 0.000001 --drawTree --threads 8 -p 10"
NUM_CELLS(ROWS): 10
NUM_MUTATIONS(COLUMNS): 7
FN_WEIGHT: 1e-06
FP_WEIGHT: 1e-06
COLUMN_ELIMINATION_WEIGHT: 0
NUM_THREADS: 8
MODEL_SOLVING_TIME_SECONDS: 0.008
RUNNING_TIME_SECONDS: 0.027
IS_CONFLICT_FREE: YES
LIKELIHOOD: -10.000042000020954
MIP_Gap_Value: 0.000000
TOTAL_FLIPS_REPORTED: 18
0_1_FLIPS_REPORTED: 0
1_0_FLIPS_REPORTED: 0
?_0_FLIPS_REPORTED: 14
?_1_FLIPS_REPORTED: 4
MUTATIONS_REMOVED_UPPER_BOUND: 0
MUTATIONS_REMOVED_NUM: 1
MUTATIONS_REMOVED_ID: mut4
-----------------------------------

